[INFO] Scanning for projects...
[WARNING] 
[WARNING] Some problems were encountered while building the effective model for com.github.davidmoten:rxjava-extras:jar:0.9-SNAPSHOT
[WARNING] Reporting configuration should be done in <reporting> section, not in maven-site-plugin <configuration> as reportPlugins parameter. @ line 219, column 32
[WARNING] 
[WARNING] It is highly recommended to fix these problems because they threaten the stability of your build.
[WARNING] 
[WARNING] For this reason, future Maven versions might no longer support building such malformed projects.
[WARNING] 
[INFO] Inspecting build with total of 1 modules...
[INFO] Installing Nexus Staging features:
[INFO]   ... total of 1 executions of maven-deploy-plugin replaced with nexus-staging-maven-plugin
[INFO] 
[INFO] ----------------< com.github.davidmoten:rxjava-extras >-----------------
[INFO] Building rxjava-extras 0.9-SNAPSHOT
[INFO]   from pom.xml
[INFO] --------------------------------[ jar ]---------------------------------
[INFO] 
[INFO] >>> emop:1.0-SNAPSHOT:hrps (default-cli) > [hybrid]test @ rxjava-extras >>>
[INFO] 
[INFO] --- jacoco:0.7.5.201505241946:prepare-agent (default) @ rxjava-extras ---
[INFO] argLine set to -javaagent:/home/mopuser/.m2/repository/org/jacoco/org.jacoco.agent/0.7.5.201505241946/org.jacoco.agent-0.7.5.201505241946-runtime.jar=destfile=/home/mopuser/earv-research/emop_script/repos/rxjava-extras/target/jacoco.exec
[INFO] 
[INFO] --- resources:3.3.1:resources (default-resources) @ rxjava-extras ---
[INFO] skip non existing resourceDirectory /home/mopuser/earv-research/emop_script/repos/rxjava-extras/src/main/resources
[INFO] 
[INFO] --- compiler:3.3:compile (default-compile) @ rxjava-extras ---
[INFO] Changes detected - recompiling the module!
[INFO] Compiling 74 source files to /home/mopuser/earv-research/emop_script/repos/rxjava-extras/target/classes
[INFO] /home/mopuser/earv-research/emop_script/repos/rxjava-extras/src/main/java/com/github/davidmoten/rx/internal/operators/RollingSPSCQueue.java: /home/mopuser/earv-research/emop_script/repos/rxjava-extras/src/main/java/com/github/davidmoten/rx/internal/operators/RollingSPSCQueue.java uses or overrides a deprecated API.
[INFO] /home/mopuser/earv-research/emop_script/repos/rxjava-extras/src/main/java/com/github/davidmoten/rx/internal/operators/RollingSPSCQueue.java: Recompile with -Xlint:deprecation for details.
[INFO] 
[INFO] --- resources:3.3.1:testResources (default-testResources) @ rxjava-extras ---
[INFO] Copying 4 resources from src/test/resources to target/test-classes
[INFO] 
[INFO] --- compiler:3.3:testCompile (default-testCompile) @ rxjava-extras ---
[INFO] Changes detected - recompiling the module!
[INFO] Compiling 53 source files to /home/mopuser/earv-research/emop_script/repos/rxjava-extras/target/test-classes
[INFO] /home/mopuser/earv-research/emop_script/repos/rxjava-extras/src/test/java/com/github/davidmoten/rx/internal/operators/OnSubscribeDoOnEmptyTest.java: Some input files use or override a deprecated API.
[INFO] /home/mopuser/earv-research/emop_script/repos/rxjava-extras/src/test/java/com/github/davidmoten/rx/internal/operators/OnSubscribeDoOnEmptyTest.java: Recompile with -Xlint:deprecation for details.
[INFO] 
[INFO] >>> emop:1.0-SNAPSHOT:monitor-hybrid (default-cli) > test-compile @ rxjava-extras >>>
[INFO] 
[INFO] --- jacoco:0.7.5.201505241946:prepare-agent (default) @ rxjava-extras ---
[INFO] argLine set to -javaagent:/home/mopuser/.m2/repository/org/jacoco/org.jacoco.agent/0.7.5.201505241946/org.jacoco.agent-0.7.5.201505241946-runtime.jar=destfile=/home/mopuser/earv-research/emop_script/repos/rxjava-extras/target/jacoco.exec
[INFO] 
[INFO] --- resources:3.3.1:resources (default-resources) @ rxjava-extras ---
[INFO] skip non existing resourceDirectory /home/mopuser/earv-research/emop_script/repos/rxjava-extras/src/main/resources
[INFO] 
[INFO] --- compiler:3.3:compile (default-compile) @ rxjava-extras ---
[INFO] Nothing to compile - all classes are up to date
[INFO] 
[INFO] --- resources:3.3.1:testResources (default-testResources) @ rxjava-extras ---
[INFO] Copying 4 resources from src/test/resources to target/test-classes
[INFO] 
[INFO] --- compiler:3.3:testCompile (default-testCompile) @ rxjava-extras ---
[INFO] Nothing to compile - all classes are up to date
[INFO] 
[INFO] <<< emop:1.0-SNAPSHOT:monitor-hybrid (default-cli) < test-compile @ rxjava-extras <<<
[INFO] 
[INFO] 
[INFO] --- emop:1.0-SNAPSHOT:monitor-hybrid (default-cli) @ rxjava-extras ---
[INFO] [eMOP] Invoking the ImpactedMethods Mojo...
INFO: ImpactedMethods: 2470
INFO: ChangedMethods: 0
INFO: NewMethods: 2470
INFO: ImpactedTestClasses: 50
INFO: ChangedClasses: 0
INFO: NewClasses: 577
INFO: OldClasses: 0
[INFO] [eMOP Timer] Execute ImpactedMethods Mojo takes 1629 ms
[INFO] [eMOP] Invoking the AffectedSpecsMethods Mojo...
[INFO] [eMOP Timer] Compile-time weaving takes 19124 ms
[WARNING] Cannot find method for /home/mopuser/earv-research/emop_script/repos/rxjava-extras/src/main/java/com/github/davidmoten/util/Optional$NotPresentException.java at line 55
[WARNING] Cannot find method for /home/mopuser/earv-research/emop_script/repos/rxjava-extras/src/main/java/com/github/davidmoten/rx/Processes$ProcessException.java at line 109
[WARNING] Cannot find method for /home/mopuser/earv-research/emop_script/repos/rxjava-extras/src/main/java/com/github/davidmoten/rx/Transformers$HolderEquals$1.java at line 397
[WARNING] Cannot find method for /home/mopuser/earv-research/emop_script/repos/rxjava-extras/src/main/java/com/github/davidmoten/rx/Transformers$HolderEquals$1.java at line 397
[WARNING] Cannot find method for /home/mopuser/earv-research/emop_script/repos/rxjava-extras/src/main/java/com/github/davidmoten/rx/Transformers$HolderEquals$1.java at line 397
[WARNING] Cannot find method for /home/mopuser/earv-research/emop_script/repos/rxjava-extras/src/main/java/com/github/davidmoten/rx/Transformers$HolderEquals$1.java at line 397
[WARNING] Cannot find method for /home/mopuser/earv-research/emop_script/repos/rxjava-extras/src/main/java/com/github/davidmoten/rx/Transformers$HolderEquals$1.java at line 397
[WARNING] Cannot find method for /home/mopuser/earv-research/emop_script/repos/rxjava-extras/src/main/java/com/github/davidmoten/rx/Transformers$HolderEquals$1.java at line 397
[WARNING] Cannot find method for /home/mopuser/earv-research/emop_script/repos/rxjava-extras/src/main/java/com/github/davidmoten/rx/Transformers$HolderEquals$1.java at line 397
[WARNING] Cannot find method for /home/mopuser/earv-research/emop_script/repos/rxjava-extras/src/main/java/com/github/davidmoten/rx/Transformers$HolderEquals$1.java at line 397
[WARNING] Cannot find method for /home/mopuser/earv-research/emop_script/repos/rxjava-extras/src/main/java/com/github/davidmoten/rx/Transformers$HolderEquals$1.java at line 397
[WARNING] Cannot find method for /home/mopuser/earv-research/emop_script/repos/rxjava-extras/src/main/java/com/github/davidmoten/rx/Transformers$HolderEquals$1.java at line 397
[WARNING] Cannot find method for /home/mopuser/earv-research/emop_script/repos/rxjava-extras/src/main/java/com/github/davidmoten/rx/Transformers$HolderEquals$1.java at line 397
[WARNING] Cannot find method for /home/mopuser/earv-research/emop_script/repos/rxjava-extras/src/main/java/com/github/davidmoten/rx/Transformers$HolderEquals$1.java at line 397
[WARNING] Cannot find method for /home/mopuser/earv-research/emop_script/repos/rxjava-extras/src/main/java/com/github/davidmoten/rx/Transformers$HolderEquals$1.java at line 397
[WARNING] Cannot find method for /home/mopuser/earv-research/emop_script/repos/rxjava-extras/src/main/java/com/github/davidmoten/rx/Transformers$HolderEquals$1.java at line 397
[WARNING] Cannot find method for /home/mopuser/earv-research/emop_script/repos/rxjava-extras/src/main/java/com/github/davidmoten/rx/Transformers$HolderEquals$1.java at line 397
[WARNING] Cannot find method for /home/mopuser/earv-research/emop_script/repos/rxjava-extras/src/main/java/com/github/davidmoten/rx/Transformers$HolderEquals$1.java at line 397
[WARNING] Cannot find method for /home/mopuser/earv-research/emop_script/repos/rxjava-extras/src/main/java/com/github/davidmoten/rx/Transformers$HolderEquals$1.java at line 397
[WARNING] Cannot find method for /home/mopuser/earv-research/emop_script/repos/rxjava-extras/src/main/java/com/github/davidmoten/rx/Transformers$HolderEquals$1.java at line 397
[WARNING] Cannot find method for /home/mopuser/earv-research/emop_script/repos/rxjava-extras/src/main/java/com/github/davidmoten/rx/Transformers$HolderEquals$1.java at line 397
[WARNING] Cannot find method for /home/mopuser/earv-research/emop_script/repos/rxjava-extras/src/main/java/com/github/davidmoten/rx/Transformers$HolderEquals$1.java at line 397
[WARNING] Cannot find method for /home/mopuser/earv-research/emop_script/repos/rxjava-extras/src/main/java/com/github/davidmoten/rx/Transformers$HolderEquals$1.java at line 397
[WARNING] Cannot find method for /home/mopuser/earv-research/emop_script/repos/rxjava-extras/src/main/java/com/github/davidmoten/rx/Transformers$HolderEquals$1.java at line 397
[WARNING] Cannot find method for /home/mopuser/earv-research/emop_script/repos/rxjava-extras/src/main/java/com/github/davidmoten/rx/Transformers$NaturalComparatorHolder$1.java at line 736
[WARNING] Cannot find method for /home/mopuser/earv-research/emop_script/repos/rxjava-extras/src/main/java/com/github/davidmoten/rx/Transformers$NaturalComparatorHolder$1.java at line 736
[WARNING] Cannot find method for /home/mopuser/earv-research/emop_script/repos/rxjava-extras/src/main/java/com/github/davidmoten/rx/Transformers$NaturalComparatorHolder$1.java at line 736
[WARNING] Cannot find method for /home/mopuser/earv-research/emop_script/repos/rxjava-extras/src/main/java/com/github/davidmoten/rx/buffertofile/Options$FileFactoryHolder$1.java at line 175
[WARNING] Cannot find method for /home/mopuser/earv-research/emop_script/repos/rxjava-extras/src/main/java/com/github/davidmoten/rx/internal/operators/OperatorBufferToFile$QueueProducer.java at line 175
[WARNING] Cannot find method line numbers for /home/mopuser/earv-research/emop_script/repos/rxjava-extras/src/main/java/com/github/davidmoten/rx/internal/operators/QueueWithResources.java
[WARNING] Cannot find method for /home/mopuser/earv-research/emop_script/repos/rxjava-extras/src/main/java/com/github/davidmoten/rx/internal/operators/QueueWithResources.java at line 17
[WARNING] Cannot find method for /home/mopuser/earv-research/emop_script/repos/rxjava-extras/src/main/java/com/github/davidmoten/rx/testing/TestingHelper$TerminalEventTimeoutException.java at line 539
[WARNING] Cannot find method for /home/mopuser/earv-research/emop_script/repos/rxjava-extras/src/main/java/com/github/davidmoten/rx/testing/TestingHelper$TestType.java at line 580
[WARNING] Cannot find method for /home/mopuser/earv-research/emop_script/repos/rxjava-extras/src/main/java/com/github/davidmoten/rx/testing/TestingHelper$TestType.java at line 1
[WARNING] Cannot find method for /home/mopuser/earv-research/emop_script/repos/rxjava-extras/src/main/java/com/github/davidmoten/rx/testing/TestingHelper$TestType.java at line 1
[WARNING] Cannot find method for /home/mopuser/earv-research/emop_script/repos/rxjava-extras/src/main/java/com/github/davidmoten/rx/testing/TestingHelper$WrongOnNextCountException.java at line 551
[WARNING] Cannot find method for /home/mopuser/earv-research/emop_script/repos/rxjava-extras/src/main/java/com/github/davidmoten/rx/testing/TestingHelper$UnsubscriptionFromSourceTimeoutException.java at line 404
[WARNING] Cannot find method for /home/mopuser/earv-research/emop_script/repos/rxjava-extras/src/main/java/com/github/davidmoten/rx/testing/TestingHelper$DeliveredMoreThanRequestedException.java at line 684
[WARNING] Cannot find method for /home/mopuser/earv-research/emop_script/repos/rxjava-extras/src/main/java/com/github/davidmoten/rx/testing/TestingHelper$UnexpectedOnErrorException.java at line 559
[WARNING] Cannot find method for /home/mopuser/earv-research/emop_script/repos/rxjava-extras/src/main/java/com/github/davidmoten/rx/testing/TestingHelper$ExpectedExceptionNotThrownException.java at line 547
[WARNING] Cannot find method for /home/mopuser/earv-research/emop_script/repos/rxjava-extras/src/main/java/com/github/davidmoten/rx/testing/TestingHelper$TooManyOnCompletedException.java at line 563
[WARNING] Cannot find method for /home/mopuser/earv-research/emop_script/repos/rxjava-extras/src/main/java/com/github/davidmoten/rx/testing/TestingHelper$ExpectedErrorNotReceivedException.java at line 543
[WARNING] Cannot find method for /home/mopuser/earv-research/emop_script/repos/rxjava-extras/src/main/java/com/github/davidmoten/rx/testing/TestingHelper$UnexpectedOnCompletedException.java at line 555
[WARNING] Cannot find method for /home/mopuser/earv-research/emop_script/repos/rxjava-extras/src/main/java/com/github/davidmoten/rx/testing/TestingHelper$AssertionException.java at line 695
[WARNING] Cannot find method for /home/mopuser/earv-research/emop_script/repos/rxjava-extras/src/main/java/com/github/davidmoten/rx/testing/TestingHelper$DownstreamUnsubscriptionDidNotOccurException.java at line 567
[WARNING] Cannot find method for /home/mopuser/earv-research/emop_script/repos/rxjava-extras/src/main/java/com/github/davidmoten/rx/testing/TestingHelper$UnexpectedOnNextException.java at line 571
[WARNING] Cannot find method for /home/mopuser/earv-research/emop_script/repos/rxjava-extras/src/main/java/com/github/davidmoten/rx/testing/TestingHelper$TestingException.java at line 674
[WARNING] Cannot find method for /home/mopuser/earv-research/emop_script/repos/rxjava-extras/src/main/java/com/github/davidmoten/rx/buffertofile/DataSerializers$JavaIOHolder$1.java at line 105
[WARNING] Cannot find method for /home/mopuser/earv-research/emop_script/repos/rxjava-extras/src/main/java/com/github/davidmoten/rx/buffertofile/DataSerializers$JavaIOHolder$1.java at line 106
[WARNING] Cannot find method for /home/mopuser/earv-research/emop_script/repos/rxjava-extras/src/main/java/com/github/davidmoten/rx/buffertofile/DataSerializers$JavaIOHolder$1.java at line 106
[WARNING] Cannot find method for /home/mopuser/earv-research/emop_script/repos/rxjava-extras/src/main/java/com/github/davidmoten/rx/buffertofile/DataSerializers$JavaIOHolder$1.java at line 106
[WARNING] Cannot find method for /home/mopuser/earv-research/emop_script/repos/rxjava-extras/src/main/java/com/github/davidmoten/rx/buffertofile/DataSerializers$JavaIOHolder$1.java at line 106
[WARNING] Cannot find method for /home/mopuser/earv-research/emop_script/repos/rxjava-extras/src/main/java/com/github/davidmoten/rx/buffertofile/DataSerializers$JavaIOHolder$1.java at line 106
[WARNING] Cannot find method for /home/mopuser/earv-research/emop_script/repos/rxjava-extras/src/main/java/com/github/davidmoten/rx/buffertofile/DataSerializers$JavaIOHolder$1.java at line 107
[WARNING] Cannot find method for /home/mopuser/earv-research/emop_script/repos/rxjava-extras/src/main/java/com/github/davidmoten/rx/buffertofile/DataSerializers$JavaIOHolder$1.java at line 107
[WARNING] Cannot find method for /home/mopuser/earv-research/emop_script/repos/rxjava-extras/src/main/java/com/github/davidmoten/rx/buffertofile/DataSerializers$JavaIOHolder$1.java at line 107
[WARNING] Cannot find method for /home/mopuser/earv-research/emop_script/repos/rxjava-extras/src/main/java/com/github/davidmoten/rx/buffertofile/DataSerializers$JavaIOHolder$1.java at line 107
[WARNING] Cannot find method for /home/mopuser/earv-research/emop_script/repos/rxjava-extras/src/main/java/com/github/davidmoten/rx/buffertofile/DataSerializers$JavaIOHolder$1.java at line 107
[WARNING] Cannot find method for /home/mopuser/earv-research/emop_script/repos/rxjava-extras/src/main/java/com/github/davidmoten/rx/buffertofile/DataSerializers$JavaIOHolder$1.java at line 108
[WARNING] Cannot find method for /home/mopuser/earv-research/emop_script/repos/rxjava-extras/src/main/java/com/github/davidmoten/rx/buffertofile/DataSerializers$JavaIOHolder$1.java at line 108
[WARNING] Cannot find method for /home/mopuser/earv-research/emop_script/repos/rxjava-extras/src/main/java/com/github/davidmoten/rx/buffertofile/DataSerializers$JavaIOHolder$1.java at line 108
[WARNING] Cannot find method for /home/mopuser/earv-research/emop_script/repos/rxjava-extras/src/main/java/com/github/davidmoten/rx/buffertofile/DataSerializers$JavaIOHolder$1.java at line 121
[WARNING] Cannot find method for /home/mopuser/earv-research/emop_script/repos/rxjava-extras/src/main/java/com/github/davidmoten/rx/buffertofile/DataSerializers$JavaIOHolder$1.java at line 121
[WARNING] Cannot find method for /home/mopuser/earv-research/emop_script/repos/rxjava-extras/src/main/java/com/github/davidmoten/rx/buffertofile/DataSerializers$JavaIOHolder$1.java at line 127
[WARNING] Cannot find method for /home/mopuser/earv-research/emop_script/repos/rxjava-extras/src/main/java/com/github/davidmoten/rx/buffertofile/DataSerializers$JavaIOHolder$1.java at line 127
[WARNING] Cannot find method for /home/mopuser/earv-research/emop_script/repos/rxjava-extras/src/main/java/com/github/davidmoten/rx/buffertofile/DataSerializers$JavaIOHolder$1.java at line 127
[WARNING] Cannot find method for /home/mopuser/earv-research/emop_script/repos/rxjava-extras/src/main/java/com/github/davidmoten/rx/buffertofile/DataSerializers$JavaIOHolder$1.java at line 127
[WARNING] Cannot find method for /home/mopuser/earv-research/emop_script/repos/rxjava-extras/src/main/java/com/github/davidmoten/rx/buffertofile/DataSerializers$JavaIOHolder$1.java at line 123
[WARNING] Cannot find method for /home/mopuser/earv-research/emop_script/repos/rxjava-extras/src/main/java/com/github/davidmoten/rx/buffertofile/DataSerializers$JavaIOHolder$1.java at line 127
[WARNING] Cannot find method for /home/mopuser/earv-research/emop_script/repos/rxjava-extras/src/main/java/com/github/davidmoten/rx/buffertofile/DataSerializers$JavaIOHolder$1.java at line 127
[WARNING] Cannot find method for /home/mopuser/earv-research/emop_script/repos/rxjava-extras/src/main/java/com/github/davidmoten/rx/buffertofile/DataSerializers$JavaIOHolder$1.java at line 127
[WARNING] Cannot find method for /home/mopuser/earv-research/emop_script/repos/rxjava-extras/src/main/java/com/github/davidmoten/rx/buffertofile/DataSerializers$JavaIOHolder$1.java at line 127
[WARNING] Cannot find method for /home/mopuser/earv-research/emop_script/repos/rxjava-extras/src/main/java/com/github/davidmoten/rx/internal/operators/OnSubscribeMatch$Source.java at line 359
[WARNING] Cannot find method for /home/mopuser/earv-research/emop_script/repos/rxjava-extras/src/main/java/com/github/davidmoten/rx/internal/operators/OnSubscribeMatch$Source.java at line 1
[WARNING] Cannot find method for /home/mopuser/earv-research/emop_script/repos/rxjava-extras/src/main/java/com/github/davidmoten/rx/internal/operators/OnSubscribeMatch$Source.java at line 1
[WARNING] Cannot find method for /home/mopuser/earv-research/emop_script/repos/rxjava-extras/src/main/java/com/github/davidmoten/rx/internal/operators/OnSubscribeMatch$MyProducer.java at line 65
[WARNING] Cannot find method line numbers for /home/mopuser/earv-research/emop_script/repos/rxjava-extras/src/main/java/com/github/davidmoten/rx/buffertofile/CacheType.java
[WARNING] Cannot find method for /home/mopuser/earv-research/emop_script/repos/rxjava-extras/src/main/java/com/github/davidmoten/rx/buffertofile/CacheType.java at line 3
[WARNING] Cannot find method line numbers for /home/mopuser/earv-research/emop_script/repos/rxjava-extras/src/main/java/com/github/davidmoten/rx/buffertofile/CacheType.java
[WARNING] Cannot find method for /home/mopuser/earv-research/emop_script/repos/rxjava-extras/src/main/java/com/github/davidmoten/rx/buffertofile/CacheType.java at line 1
[WARNING] Cannot find method line numbers for /home/mopuser/earv-research/emop_script/repos/rxjava-extras/src/main/java/com/github/davidmoten/rx/buffertofile/CacheType.java
[WARNING] Cannot find method for /home/mopuser/earv-research/emop_script/repos/rxjava-extras/src/main/java/com/github/davidmoten/rx/buffertofile/CacheType.java at line 1
[WARNING] Cannot find method for /home/mopuser/earv-research/emop_script/repos/rxjava-extras/src/main/java/com/github/davidmoten/rx/exceptions/IORuntimeException.java at line 5
[WARNING] Cannot find method for /home/mopuser/earv-research/emop_script/repos/rxjava-extras/src/main/java/com/github/davidmoten/rx/internal/operators/AbstractQueueWithResources.java at line 6
[WARNING] Cannot find method for /home/mopuser/earv-research/emop_script/repos/rxjava-extras/src/main/java/com/github/davidmoten/rx/internal/operators/FileBasedSPSCQueueMemoryMappedReaderWriter$EOFRuntimeException.java at line 207
[WARNING] Cannot find method for /home/mopuser/earv-research/emop_script/repos/rxjava-extras/src/main/java/com/github/davidmoten/rx/internal/operators/FileBasedSPSCQueueMemoryMappedReaderWriter.java at line 205
[WARNING] Cannot find method for /home/mopuser/earv-research/emop_script/repos/rxjava-extras/src/main/java/com/github/davidmoten/rx/internal/operators/FileBasedSPSCQueue.java at line 108
[WARNING] Cannot find method for /home/mopuser/earv-research/emop_script/repos/rxjava-extras/src/main/java/com/github/davidmoten/rx/internal/operators/FileBasedSPSCQueue.java at line 19
[WARNING] Cannot find method for /home/mopuser/earv-research/emop_script/repos/rxjava-extras/src/main/java/com/github/davidmoten/rx/ResourceManager$CloserHolder$1.java at line 165
[WARNING] Cannot find method for /home/mopuser/earv-research/emop_script/repos/rxjava-extras/src/main/java/com/github/davidmoten/rx/ResourceManager$CloserHolder$1.java at line 165
[WARNING] Cannot find method line numbers for /home/mopuser/earv-research/emop_script/repos/rxjava-extras/src/main/java/com/github/davidmoten/rx/util/BackpressureStrategy.java
[WARNING] Cannot find method for /home/mopuser/earv-research/emop_script/repos/rxjava-extras/src/main/java/com/github/davidmoten/rx/util/BackpressureStrategy.java at line 5
[WARNING] Cannot find method line numbers for /home/mopuser/earv-research/emop_script/repos/rxjava-extras/src/main/java/com/github/davidmoten/rx/util/BackpressureStrategy.java
[WARNING] Cannot find method for /home/mopuser/earv-research/emop_script/repos/rxjava-extras/src/main/java/com/github/davidmoten/rx/util/BackpressureStrategy.java at line 1
[WARNING] Cannot find method line numbers for /home/mopuser/earv-research/emop_script/repos/rxjava-extras/src/main/java/com/github/davidmoten/rx/util/BackpressureStrategy.java
[WARNING] Cannot find method for /home/mopuser/earv-research/emop_script/repos/rxjava-extras/src/main/java/com/github/davidmoten/rx/util/BackpressureStrategy.java at line 1
[WARNING] Cannot find method for /home/mopuser/earv-research/emop_script/repos/rxjava-extras/src/main/java/com/github/davidmoten/rx/internal/operators/QueueWithResourcesNonBlockingUnsubscribe.java at line 14
[WARNING] Cannot find method for /home/mopuser/earv-research/emop_script/repos/rxjava-extras/src/main/java/com/github/davidmoten/rx/Strings$DisposeActionHolder$1.java at line 146
[WARNING] Cannot find method for /home/mopuser/earv-research/emop_script/repos/rxjava-extras/src/main/java/com/github/davidmoten/rx/Strings$DisposeActionHolder$1.java at line 146
[WARNING] Cannot find method for /home/mopuser/earv-research/emop_script/repos/rxjava-extras/src/main/java/com/github/davidmoten/rx/Strings$DisposeActionHolder$1.java at line 146
[WARNING] Cannot find method for /home/mopuser/earv-research/emop_script/repos/rxjava-extras/src/main/java/com/github/davidmoten/rx/internal/operators/OrderedMerge$MergeProducer.java at line 90
[WARNING] Cannot find method for /home/mopuser/earv-research/emop_script/repos/rxjava-extras/src/main/java/com/github/davidmoten/rx/internal/operators/FileBasedSPSCQueueMemoryMapped.java at line 19
[WARNING] Cannot find method for /home/mopuser/earv-research/emop_script/repos/rxjava-extras/src/test/java/com/github/davidmoten/rx/internal/operators/OrderedMergeTest$1.java at line 30
[WARNING] Cannot find method for /home/mopuser/earv-research/emop_script/repos/rxjava-extras/src/test/java/com/github/davidmoten/rx/internal/operators/OrderedMergeTest$1.java at line 30
[WARNING] Cannot find method for /home/mopuser/earv-research/emop_script/repos/rxjava-extras/src/test/java/com/github/davidmoten/rx/internal/operators/OrderedMergeTest$1.java at line 30
[WARNING] Cannot find method for /home/mopuser/earv-research/emop_script/repos/rxjava-extras/src/test/java/com/github/davidmoten/rx/internal/operators/OrderedMergeTest$TestException.java at line 179
[WARNING] Cannot find method for /home/mopuser/earv-research/emop_script/repos/rxjava-extras/src/test/java/com/github/davidmoten/rx/internal/operators/OperatorSampleFirstTest$TestException.java at line 118
[WARNING] Cannot find method for /home/mopuser/earv-research/emop_script/repos/rxjava-extras/src/main/java/com/github/davidmoten/rx/internal/operators/OperatorWindowMinMax$Metric.java at line 38
[WARNING] Cannot find method for /home/mopuser/earv-research/emop_script/repos/rxjava-extras/src/main/java/com/github/davidmoten/rx/internal/operators/OperatorWindowMinMax$Metric.java at line 1
[WARNING] Cannot find method for /home/mopuser/earv-research/emop_script/repos/rxjava-extras/src/main/java/com/github/davidmoten/rx/internal/operators/OperatorWindowMinMax$Metric.java at line 1
[WARNING] Cannot find method for /home/mopuser/earv-research/emop_script/repos/rxjava-extras/src/main/java/com/github/davidmoten/rx/internal/operators/OnSubscribeRepeating$RepeatingProducer.java at line 25
[WARNING] Cannot find method for /home/mopuser/earv-research/emop_script/repos/rxjava-extras/src/main/java/com/github/davidmoten/rx/exceptions/TooManySubscribersException.java at line 3
[WARNING] Cannot find method for /home/mopuser/earv-research/emop_script/repos/rxjava-extras/src/test/java/com/github/davidmoten/rx/internal/operators/RollingSPSCQueueTest$1$1.java at line 68
[WARNING] Cannot find method for /home/mopuser/earv-research/emop_script/repos/rxjava-extras/src/main/java/com/github/davidmoten/rx/internal/operators/RollingSPSCQueue.java at line 33
[WARNING] Cannot find method for /home/mopuser/earv-research/emop_script/repos/rxjava-extras/src/test/java/com/github/davidmoten/rx/RetryWhenTest$1.java at line 144
[WARNING] Cannot find method for /home/mopuser/earv-research/emop_script/repos/rxjava-extras/src/test/java/com/github/davidmoten/rx/RetryWhenTest$1.java at line 144
[WARNING] Cannot find method for /home/mopuser/earv-research/emop_script/repos/rxjava-extras/src/test/java/com/github/davidmoten/rx/RetryWhenTest$1.java at line 144
[WARNING] Cannot find method for /home/mopuser/earv-research/emop_script/repos/rxjava-extras/src/test/java/com/github/davidmoten/rx/RetryWhenTest$1.java at line 144
[WARNING] Cannot find method for /home/mopuser/earv-research/emop_script/repos/rxjava-extras/src/test/java/com/github/davidmoten/rx/RetryWhenTest$1.java at line 144
[WARNING] Cannot find method for /home/mopuser/earv-research/emop_script/repos/rxjava-extras/src/test/java/com/github/davidmoten/rx/RetryWhenTest$1.java at line 145
[WARNING] Cannot find method for /home/mopuser/earv-research/emop_script/repos/rxjava-extras/src/test/java/com/github/davidmoten/rx/RetryWhenTest$1.java at line 145
[WARNING] Cannot find method for /home/mopuser/earv-research/emop_script/repos/rxjava-extras/src/test/java/com/github/davidmoten/rx/RetryWhenTest$1.java at line 145
[WARNING] Cannot find method for /home/mopuser/earv-research/emop_script/repos/rxjava-extras/src/test/java/com/github/davidmoten/rx/RetryWhenTest$1.java at line 145
[WARNING] Cannot find method for /home/mopuser/earv-research/emop_script/repos/rxjava-extras/src/test/java/com/github/davidmoten/rx/RetryWhenTest$1.java at line 145
[WARNING] Cannot find method for /home/mopuser/earv-research/emop_script/repos/rxjava-extras/src/test/java/com/github/davidmoten/rx/RetryWhenTest$1.java at line 145
[WARNING] Cannot find method for /home/mopuser/earv-research/emop_script/repos/rxjava-extras/src/test/java/com/github/davidmoten/rx/RetryWhenTest$1.java at line 145
[WARNING] Cannot find method for /home/mopuser/earv-research/emop_script/repos/rxjava-extras/src/test/java/com/github/davidmoten/rx/internal/operators/QueueWithResourcesForwarder.java at line 7
[WARNING] Cannot find method for /home/mopuser/earv-research/emop_script/repos/rxjava-extras/src/main/java/com/github/davidmoten/rx/Actions$PrintlnHolder$1.java at line 188
[WARNING] Cannot find method for /home/mopuser/earv-research/emop_script/repos/rxjava-extras/src/main/java/com/github/davidmoten/rx/Actions$PrintlnHolder$1.java at line 188
[WARNING] Cannot find method for /home/mopuser/earv-research/emop_script/repos/rxjava-extras/src/main/java/com/github/davidmoten/rx/Actions$CloseHolder$1.java at line 268
[WARNING] Cannot find method for /home/mopuser/earv-research/emop_script/repos/rxjava-extras/src/main/java/com/github/davidmoten/rx/Actions$CloseHolder$1.java at line 268
[WARNING] Cannot find method for /home/mopuser/earv-research/emop_script/repos/rxjava-extras/src/main/java/com/github/davidmoten/rx/Actions$CloseHolder$1.java at line 270
[WARNING] Cannot find method for /home/mopuser/earv-research/emop_script/repos/rxjava-extras/src/main/java/com/github/davidmoten/rx/Bytes$ZipHolder$1.java at line 120
[WARNING] Cannot find method for /home/mopuser/earv-research/emop_script/repos/rxjava-extras/src/main/java/com/github/davidmoten/rx/Bytes$ZipHolder$1.java at line 120
[WARNING] Cannot find method for /home/mopuser/earv-research/emop_script/repos/rxjava-extras/src/main/java/com/github/davidmoten/rx/Bytes$ZipHolder$1.java at line 120
[WARNING] Cannot find method for /home/mopuser/earv-research/emop_script/repos/rxjava-extras/src/main/java/com/github/davidmoten/rx/Bytes$ZipHolder$1.java at line 120
[WARNING] Cannot find method for /home/mopuser/earv-research/emop_script/repos/rxjava-extras/src/main/java/com/github/davidmoten/rx/Bytes$ZipHolder$1.java at line 122
[WARNING] Cannot find method for /home/mopuser/earv-research/emop_script/repos/rxjava-extras/src/main/java/com/github/davidmoten/rx/Bytes$BosToArrayHolder$1.java at line 205
[WARNING] Cannot find method for /home/mopuser/earv-research/emop_script/repos/rxjava-extras/src/main/java/com/github/davidmoten/rx/Bytes$BosToArrayHolder$1.java at line 205
[WARNING] Cannot find method for /home/mopuser/earv-research/emop_script/repos/rxjava-extras/src/main/java/com/github/davidmoten/rx/Bytes$BosToArrayHolder$1.java at line 205
[WARNING] Cannot find method for /home/mopuser/earv-research/emop_script/repos/rxjava-extras/src/main/java/com/github/davidmoten/rx/Bytes$BosCollectorHolder$1.java at line 193
[WARNING] Cannot find method for /home/mopuser/earv-research/emop_script/repos/rxjava-extras/src/main/java/com/github/davidmoten/rx/Bytes$BosCollectorHolder$1.java at line 193
[WARNING] Cannot find method for /home/mopuser/earv-research/emop_script/repos/rxjava-extras/src/main/java/com/github/davidmoten/rx/Bytes$BosCollectorHolder$1.java at line 193
[WARNING] Cannot find method for /home/mopuser/earv-research/emop_script/repos/rxjava-extras/src/main/java/com/github/davidmoten/rx/Bytes$BosCollectorHolder$1.java at line 193
[WARNING] Cannot find method for /home/mopuser/earv-research/emop_script/repos/rxjava-extras/src/main/java/com/github/davidmoten/rx/Bytes$BosCollectorHolder$1.java at line 193
[WARNING] Cannot find method for /home/mopuser/earv-research/emop_script/repos/rxjava-extras/src/main/java/com/github/davidmoten/rx/Bytes$BosCollectorHolder$1.java at line 195
[WARNING] Cannot find method for /home/mopuser/earv-research/emop_script/repos/rxjava-extras/src/main/java/com/github/davidmoten/rx/Bytes$InputStreamCloseHolder$1.java at line 77
[WARNING] Cannot find method for /home/mopuser/earv-research/emop_script/repos/rxjava-extras/src/main/java/com/github/davidmoten/rx/Bytes$InputStreamCloseHolder$1.java at line 77
[WARNING] Cannot find method for /home/mopuser/earv-research/emop_script/repos/rxjava-extras/src/main/java/com/github/davidmoten/rx/Bytes$InputStreamCloseHolder$1.java at line 77
[WARNING] Cannot find method for /home/mopuser/earv-research/emop_script/repos/rxjava-extras/src/main/java/com/github/davidmoten/rx/Bytes$InputStreamCloseHolder$1.java at line 77
[WARNING] Cannot find method for /home/mopuser/earv-research/emop_script/repos/rxjava-extras/src/main/java/com/github/davidmoten/rx/Bytes$InputStreamCloseHolder$1.java at line 77
[WARNING] Cannot find method for /home/mopuser/earv-research/emop_script/repos/rxjava-extras/src/main/java/com/github/davidmoten/rx/Bytes$InputStreamCloseHolder$1.java at line 79
[INFO] [eMOP Timer] Compute affected specs takes 4770 ms
[INFO] [eMOP Timer] Write affected specs to disk takes 0 ms
[INFO] [eMOP] Number of affected methods: 2470
[INFO] [eMOP] Number of changed classes: 0
[INFO] [eMOP] Number of new classes: 577
[INFO] [eMOP] Number of messages to process: 2449
[INFO] [eMOP] Invoking the Monitor Mojo...
[INFO] affectedSpecs: [Thread_SetDaemonBeforeStartMonitorAspect, Closeable_MultipleCloseMonitorAspect, Collection_UnsafeIteratorMonitorAspect, Socket_CloseOutputMonitorAspect, Socket_CloseInputMonitorAspect, ServerSocket_TimeoutMonitorAspect, StringBuilder_ThreadSafeMonitorAspect, Throwable_InitCauseOnceMonitorAspect, RandomAccessFile_ManipulateAfterCloseMonitorAspect, File_LengthOnDirectoryMonitorAspect, List_UnsynchronizedSubListMonitorAspect, SortedSet_ComparableMonitorAspect, System_NullArrayCopyMonitorAspect, ServerSocket_SetTimeoutBeforeBlockingMonitorAspect, Collection_UnsynchronizedAddAllMonitorAspect, Scanner_ManipulateAfterCloseMonitorAspect, Collections_NewSetFromMapMonitorAspect, TreeSet_ComparableMonitorAspect, Map_UnsafeIteratorMonitorAspect]
[INFO] [eMOP Timer] Generating aop-ajc.xml and replace it takes 299 ms
[INFO] 
[INFO] --- surefire:2.20:test (default-test) @ rxjava-extras ---
[INFO] 
[INFO] -------------------------------------------------------
[INFO]  T E S T S
[INFO] -------------------------------------------------------
[INFO] Running com.github.davidmoten.rx.subjects.PublishSubjectSingleSubscriberTest
[INFO] Tests run: 5, Failures: 0, Errors: 0, Skipped: 0, Time elapsed: 2.156 s - in com.github.davidmoten.rx.subjects.PublishSubjectSingleSubscriberTest
[INFO] Running com.github.davidmoten.rx.ActionsTest
[INFO] Tests run: 6, Failures: 0, Errors: 0, Skipped: 0, Time elapsed: 0.024 s - in com.github.davidmoten.rx.ActionsTest
[INFO] Running com.github.davidmoten.rx.FunctionsTest
[INFO] Tests run: 6, Failures: 0, Errors: 0, Skipped: 0, Time elapsed: 0.067 s - in com.github.davidmoten.rx.FunctionsTest
[INFO] Running com.github.davidmoten.rx.IgnoreTest
[INFO] Tests run: 3, Failures: 0, Errors: 0, Skipped: 0, Time elapsed: 0.075 s - in com.github.davidmoten.rx.IgnoreTest
[INFO] Running com.github.davidmoten.rx.SchedulersTest
[INFO] Tests run: 1, Failures: 0, Errors: 0, Skipped: 0, Time elapsed: 0.537 s - in com.github.davidmoten.rx.SchedulersTest
[INFO] Running com.github.davidmoten.rx.internal.operators.ObservableServerSocketTest
pool-3-thread-3: a
loop 0
pool-3-thread-5: hello there
pool-3-thread-8: hello there
pool-3-thread-6: 1234
pool-3-thread-9: 
pool-3-thread-7: hello there
[ERROR] Tests run: 14, Failures: 1, Errors: 0, Skipped: 0, Time elapsed: 37.651 s <<< FAILURE! - in com.github.davidmoten.rx.internal.operators.ObservableServerSocketTest
[ERROR] testCancelDoesNotHaveToWaitForTimeout(com.github.davidmoten.rx.internal.operators.ObservableServerSocketTest)  Time elapsed: 3.876 s  <<< FAILURE!
java.lang.AssertionError: expected:<[hell]> but was:<[]>
	at com.github.davidmoten.rx.internal.operators.ObservableServerSocketTest.testCancelDoesNotHaveToWaitForTimeout(ObservableServerSocketTest.java:247)

[INFO] Running com.github.davidmoten.rx.internal.operators.OperatorUnsubscribeEagerlyTest
[INFO] Tests run: 28, Failures: 0, Errors: 0, Skipped: 0, Time elapsed: 1.761 s - in com.github.davidmoten.rx.internal.operators.OperatorUnsubscribeEagerlyTest
[INFO] Running com.github.davidmoten.rx.internal.operators.StringsMoreTest
[INFO] Tests run: 19, Failures: 0, Errors: 0, Skipped: 0, Time elapsed: 1.08 s - in com.github.davidmoten.rx.internal.operators.StringsMoreTest
[INFO] Running com.github.davidmoten.rx.internal.operators.StringSplitTest
[INFO] Tests run: 15, Failures: 0, Errors: 0, Skipped: 0, Time elapsed: 0.467 s - in com.github.davidmoten.rx.internal.operators.StringSplitTest
[INFO] Running com.github.davidmoten.rx.internal.operators.OperatorBufferPredicateBoundaryTest
[INFO] Tests run: 22, Failures: 0, Errors: 0, Skipped: 0, Time elapsed: 0.235 s - in com.github.davidmoten.rx.internal.operators.OperatorBufferPredicateBoundaryTest
[INFO] Running com.github.davidmoten.rx.internal.operators.PermutationsTest
[INFO] Tests run: 1, Failures: 0, Errors: 0, Skipped: 0, Time elapsed: 0.008 s - in com.github.davidmoten.rx.internal.operators.PermutationsTest
[INFO] Running com.github.davidmoten.rx.internal.operators.TransformerOnTerminateResumeTest
[INFO] Tests run: 4, Failures: 0, Errors: 0, Skipped: 0, Time elapsed: 0.291 s - in com.github.davidmoten.rx.internal.operators.TransformerOnTerminateResumeTest
[INFO] Running com.github.davidmoten.rx.internal.operators.RollingSPSCQueueTest
[WARNING] Tests run: 1, Failures: 0, Errors: 0, Skipped: 1, Time elapsed: 0.088 s - in com.github.davidmoten.rx.internal.operators.RollingSPSCQueueTest
[INFO] Running com.github.davidmoten.rx.internal.operators.OperatorBufferToFileTest
checkRateForOneKMessagesNoReadRollover
rate = 30.3MB/s (1K messages, rollover, write only) duration=0.99
checkRateForOneKMessagesRollover
rate = 11.8MB/s (1K messages, rollover) duration=0.26
checkRateForSmallMessagesRollover
=====
